YiLiao/build/outputs/logs/manifest-merger-debug-report.txt
-- Merging decision tree log ---
manifest
ADDED from SleepingBar\YiLiao\AndroidManifest.xml:2:1-332:12
	package
		ADDED from SleepingBar\YiLiao\AndroidManifest.xml:3:5-32
	android:versionName
		ADDED from SleepingBar\YiLiao\AndroidManifest.xml:5:5-30
		INJECTED from SleepingBar\YiLiao\AndroidManifest.xml
		INJECTED from SleepingBar\YiLiao\AndroidManifest.xml
	android:versionCode
		ADDED from SleepingBar\YiLiao\AndroidManifest.xml:4:5-28
		INJECTED from SleepingBar\YiLiao\AndroidManifest.xml
		INJECTED from SleepingBar\YiLiao\AndroidManifest.xml
	xmlns:android
		ADDED from SleepingBar\YiLiao\AndroidManifest.xml:2:11-69
uses-sdk
ADDED from SleepingBar\YiLiao\AndroidManifest.xml:7:5-9:41
MERGED from [SleepingBar:Framework:unspecified] AndroidManifest.xml:7:5-9:41
MERGED from [SleepingBar:android-pdfview:unspecified] AndroidManifest.xml:25:5-27:41
	android:targetSdkVersion
		ADDED from SleepingBar\YiLiao\AndroidManifest.xml:9:9-38
	android:minSdkVersion
		ADDED from SleepingBar\YiLiao\AndroidManifest.xml:8:9-35
uses-permission#android.permission.INTERNET
ADDED from SleepingBar\YiLiao\AndroidManifest.xml:11:5-67
	android:name
		ADDED from SleepingBar\YiLiao\AndroidManifest.xml:11:22-64
uses-permission#android.permission.ACCESS_NETWORK_STATE
ADDED from SleepingBar\YiLiao\AndroidManifest.xml:12:5-79
	android:name
		ADDED from SleepingBar\YiLiao\AndroidManifest.xml:12:22-76
uses-permission#android.permission.READ_PHONE_STATE
ADDED from SleepingBar\YiLiao\AndroidManifest.xml:13:5-75
	android:name
		ADDED from SleepingBar\YiLiao\AndroidManifest.xml:13:22-72
uses-permission#android.permission.CAMERA
ADDED from SleepingBar\YiLiao\AndroidManifest.xml:14:5-65
	android:name
		ADDED from SleepingBar\YiLiao\AndroidManifest.xml:14:22-62
uses-permission#android.permission.WRITE_EXTERNAL_STORAGE
ADDED from SleepingBar\YiLiao\AndroidManifest.xml:15:5-81
	android:name
		ADDED from SleepingBar\YiLiao\AndroidManifest.xml:15:22-78
uses-permission#android.permission.CHANGE_NETWORK_STATE
ADDED from SleepingBar\YiLiao\AndroidManifest.xml:16:5-79
	android:name
		ADDED from SleepingBar\YiLiao\AndroidManifest.xml:16:22-76
uses-permission#android.permission.ACCESS_WIFI_STATE
ADDED from SleepingBar\YiLiao\AndroidManifest.xml:17:5-76
	android:name
		ADDED from SleepingBar\YiLiao\AndroidManifest.xml:17:22-73
uses-permission#org.simalliance.openmobileapi.SMARTCARD
ADDED from SleepingBar\YiLiao\AndroidManifest.xml:18:5-79
	android:name
		ADDED from SleepingBar\YiLiao\AndroidManifest.xml:18:22-76
uses-permission#android.permission.NFC
ADDED from SleepingBar\YiLiao\AndroidManifest.xml:19:5-62
	android:name
		ADDED from SleepingBar\YiLiao\AndroidManifest.xml:19:22-59
uses-permission#android.permission.MODIFY_AUDIO_SETTINGS
ADDED from SleepingBar\YiLiao\AndroidManifest.xml:20:5-80
	android:name
		ADDED from SleepingBar\YiLiao\AndroidManifest.xml:20:22-77
uses-permission#android.permission.ACCESS_FINE_LOCATION
ADDED from SleepingBar\YiLiao\AndroidManifest.xml:21:5-78
	android:name
		ADDED from SleepingBar\YiLiao\AndroidManifest.xml:21:22-76
uses-permission#android.permission.ACCESS_COARSE_LOCATION
ADDED from SleepingBar\YiLiao\AndroidManifest.xml:22:5-81
	android:name
		ADDED from SleepingBar\YiLiao\AndroidManifest.xml:22:22-78
uses-feature#android.hardware.nfc.hce
ADDED from SleepingBar\YiLiao\AndroidManifest.xml:24:5-61
	android:name
		ADDED from SleepingBar\YiLiao\AndroidManifest.xml:24:19-58
application
ADDED from SleepingBar\YiLiao\AndroidManifest.xml:26:5-330:19
MERGED from [SleepingBar:Framework:unspecified] AndroidManifest.xml:11:5-15:19
	android:label
		ADDED from SleepingBar\YiLiao\AndroidManifest.xml:30:9-41
	android:allowBackup
		ADDED from SleepingBar\YiLiao\AndroidManifest.xml:28:9-35
	android:icon
		ADDED from SleepingBar\YiLiao\AndroidManifest.xml:29:9-38
	android:theme
		ADDED from SleepingBar\YiLiao\AndroidManifest.xml:31:9-40
	android:name
		ADDED from SleepingBar\YiLiao\AndroidManifest.xml:27:9-54
uses-library#org.simalliance.openmobileapi
ADDED from SleepingBar\YiLiao\AndroidManifest.xml:32:9-34:40
	android:required
		ADDED from SleepingBar\YiLiao\AndroidManifest.xml:34:13-37
	android:name
		ADDED from SleepingBar\YiLiao\AndroidManifest.xml:33:13-57
activity#com.bolaa.medical.ui.LaunchActivity
ADDED from SleepingBar\YiLiao\AndroidManifest.xml:36:9-47:20
	android:screenOrientation
		ADDED from SleepingBar\YiLiao\AndroidManifest.xml:40:13-49
	android:label
		ADDED from SleepingBar\YiLiao\AndroidManifest.xml:38:13-45
	android:theme
		ADDED from SleepingBar\YiLiao\AndroidManifest.xml:39:13-59
	android:name
		ADDED from SleepingBar\YiLiao\AndroidManifest.xml:37:13-63
intent-filter#android.intent.action.MAIN+android.intent.category.LAUNCHER
ADDED from SleepingBar\YiLiao\AndroidManifest.xml:42:13-46:29
action#android.intent.action.MAIN
ADDED from SleepingBar\YiLiao\AndroidManifest.xml:43:17-69
	android:name
		ADDED from SleepingBar\YiLiao\AndroidManifest.xml:43:25-66
category#android.intent.category.LAUNCHER
ADDED from SleepingBar\YiLiao\AndroidManifest.xml:45:17-77
	android:name
		ADDED from SleepingBar\YiLiao\AndroidManifest.xml:45:27-74
activity#com.bolaa.medical.ui.GuideActivity
ADDED from SleepingBar\YiLiao\AndroidManifest.xml:49:9-53:80
	android:screenOrientation
		ADDED from SleepingBar\YiLiao\AndroidManifest.xml:52:13-49
	android:configChanges
		ADDED from SleepingBar\YiLiao\AndroidManifest.xml:51:13-63
	android:theme
		ADDED from SleepingBar\YiLiao\AndroidManifest.xml:53:13-77
	android:name
		ADDED from SleepingBar\YiLiao\AndroidManifest.xml:50:13-62
activity#com.bolaa.medical.ui.MainActivity
ADDED from SleepingBar\YiLiao\AndroidManifest.xml:54:9-59:20
	android:screenOrientation
		ADDED from SleepingBar\YiLiao\AndroidManifest.xml:58:13-49
	android:label
		ADDED from SleepingBar\YiLiao\AndroidManifest.xml:56:13-45
	android:launchMode
		ADDED from SleepingBar\YiLiao\AndroidManifest.xml:57:13-44
	android:name
		ADDED from SleepingBar\YiLiao\AndroidManifest.xml:55:13-61
activity#com.bolaa.medical.ui.CommonWebActivity
ADDED from SleepingBar\YiLiao\AndroidManifest.xml:60:9-75
	android:name
		ADDED from SleepingBar\YiLiao\AndroidManifest.xml:60:19-72
activity#com.bolaa.medical.ui.WayPayActivity
ADDED from SleepingBar\YiLiao\AndroidManifest.xml:62:9-75:20
	android:screenOrientation
		ADDED from SleepingBar\YiLiao\AndroidManifest.xml:67:13-49
	android:label
		ADDED from SleepingBar\YiLiao\AndroidManifest.xml:65:13-45
	android:launchMode
		ADDED from SleepingBar\YiLiao\AndroidManifest.xml:66:13-43
	android:exported
		ADDED from SleepingBar\YiLiao\AndroidManifest.xml:64:13-36
	android:name
		ADDED from SleepingBar\YiLiao\AndroidManifest.xml:63:13-63
intent-filter#android.intent.action.VIEW+android.intent.category.DEFAULT
ADDED from SleepingBar\YiLiao\AndroidManifest.xml:68:13-74:29
action#android.intent.action.VIEW
ADDED from SleepingBar\YiLiao\AndroidManifest.xml:69:17-69
	android:name
		ADDED from SleepingBar\YiLiao\AndroidManifest.xml:69:25-66
category#android.intent.category.DEFAULT
ADDED from SleepingBar\YiLiao\AndroidManifest.xml:71:17-76
	android:name
		ADDED from SleepingBar\YiLiao\AndroidManifest.xml:71:27-73
data
ADDED from SleepingBar\YiLiao\AndroidManifest.xml:73:17-61
	android:scheme
		ADDED from SleepingBar\YiLiao\AndroidManifest.xml:73:23-58
activity#com.bolaa.medical.ui.PayResultActivity
ADDED from SleepingBar\YiLiao\AndroidManifest.xml:76:9-79:54
	android:screenOrientation
		ADDED from SleepingBar\YiLiao\AndroidManifest.xml:78:13-49
	android:windowSoftInputMode
		ADDED from SleepingBar\YiLiao\AndroidManifest.xml:79:13-52
	android:configChanges
		ADDED from SleepingBar\YiLiao\AndroidManifest.xml:77:13-63
	android:name
		ADDED from SleepingBar\YiLiao\AndroidManifest.xml:76:19-72
activity#com.bolaa.medical.ui.PayPW1Activity
ADDED from SleepingBar\YiLiao\AndroidManifest.xml:80:9-72
	android:name
		ADDED from SleepingBar\YiLiao\AndroidManifest.xml:80:19-69
activity#com.bolaa.medical.ui.PayPW2Activity
ADDED from SleepingBar\YiLiao\AndroidManifest.xml:81:9-72
	android:name
		ADDED from SleepingBar\YiLiao\AndroidManifest.xml:81:19-69
activity#com.bolaa.medical.ui.UserLoginActivity
ADDED from SleepingBar\YiLiao\AndroidManifest.xml:83:9-87:55
	android:screenOrientation
		ADDED from SleepingBar\YiLiao\AndroidManifest.xml:86:13-49
	android:windowSoftInputMode
		ADDED from SleepingBar\YiLiao\AndroidManifest.xml:87:13-52
	android:configChanges
		ADDED from SleepingBar\YiLiao\AndroidManifest.xml:85:13-63
	android:name
		ADDED from SleepingBar\YiLiao\AndroidManifest.xml:84:13-66
activity#com.bolaa.medical.ui.UserRePwdActivity
ADDED from SleepingBar\YiLiao\AndroidManifest.xml:88:9-92:55
	android:screenOrientation
		ADDED from SleepingBar\YiLiao\AndroidManifest.xml:91:13-49
	android:windowSoftInputMode
		ADDED from SleepingBar\YiLiao\AndroidManifest.xml:92:13-52
	android:configChanges
		ADDED from SleepingBar\YiLiao\AndroidManifest.xml:90:13-63
	android:name
		ADDED from SleepingBar\YiLiao\AndroidManifest.xml:89:13-66
activity#com.bolaa.medical.ui.Register3Activity
ADDED from SleepingBar\YiLiao\AndroidManifest.xml:94:9-99:20
	android:screenOrientation
		ADDED from SleepingBar\YiLiao\AndroidManifest.xml:97:13-49
	android:windowSoftInputMode
		ADDED from SleepingBar\YiLiao\AndroidManifest.xml:98:13-52
	android:configChanges
		ADDED from SleepingBar\YiLiao\AndroidManifest.xml:96:13-63
	android:name
		ADDED from SleepingBar\YiLiao\AndroidManifest.xml:95:13-66
activity#com.bolaa.medical.ui.MyScoreActivity
ADDED from SleepingBar\YiLiao\AndroidManifest.xml:100:9-105:20
	android:screenOrientation
		ADDED from SleepingBar\YiLiao\AndroidManifest.xml:103:13-49
	android:windowSoftInputMode
		ADDED from SleepingBar\YiLiao\AndroidManifest.xml:104:13-52
	android:configChanges
		ADDED from SleepingBar\YiLiao\AndroidManifest.xml:102:13-63
	android:name
		ADDED from SleepingBar\YiLiao\AndroidManifest.xml:101:13-64
activity#com.bolaa.medical.ui.MakingAppointmentActivity
ADDED from SleepingBar\YiLiao\AndroidManifest.xml:107:9-112:20
	android:screenOrientation
		ADDED from SleepingBar\YiLiao\AndroidManifest.xml:110:13-49
	android:windowSoftInputMode
		ADDED from SleepingBar\YiLiao\AndroidManifest.xml:111:13-52
	android:configChanges
		ADDED from SleepingBar\YiLiao\AndroidManifest.xml:109:13-63
	android:name
		ADDED from SleepingBar\YiLiao\AndroidManifest.xml:108:13-74
activity#com.bolaa.medical.ui.HospitalDetailActivityV2
ADDED from SleepingBar\YiLiao\AndroidManifest.xml:114:9-119:20
	android:screenOrientation
		ADDED from SleepingBar\YiLiao\AndroidManifest.xml:117:13-49
	android:windowSoftInputMode
		ADDED from SleepingBar\YiLiao\AndroidManifest.xml:118:13-52
	android:configChanges
		ADDED from SleepingBar\YiLiao\AndroidManifest.xml:116:13-63
	android:name
		ADDED from SleepingBar\YiLiao\AndroidManifest.xml:115:13-73
activity#com.bolaa.medical.ui.ScoreHistoryActivity
ADDED from SleepingBar\YiLiao\AndroidManifest.xml:120:9-125:20
	android:screenOrientation
		ADDED from SleepingBar\YiLiao\AndroidManifest.xml:123:13-49
	android:windowSoftInputMode
		ADDED from SleepingBar\YiLiao\AndroidManifest.xml:124:13-52
	android:configChanges
		ADDED from SleepingBar\YiLiao\AndroidManifest.xml:122:13-63
	android:name
		ADDED from SleepingBar\YiLiao\AndroidManifest.xml:121:13-69
activity#com.bolaa.medical.ui.ScoreChangeActivity
ADDED from SleepingBar\YiLiao\AndroidManifest.xml:126:9-131:20
	android:screenOrientation
		ADDED from SleepingBar\YiLiao\AndroidManifest.xml:129:13-49
	android:windowSoftInputMode
		ADDED from SleepingBar\YiLiao\AndroidManifest.xml:130:13-52
	android:configChanges
		ADDED from SleepingBar\YiLiao\AndroidManifest.xml:128:13-63
	android:name
		ADDED from SleepingBar\YiLiao\AndroidManifest.xml:127:13-68
activity#com.bolaa.medical.ui.TimeSelectingActivity
ADDED from SleepingBar\YiLiao\AndroidManifest.xml:132:9-137:20
	android:screenOrientation
		ADDED from SleepingBar\YiLiao\AndroidManifest.xml:135:13-49
	android:windowSoftInputMode
		ADDED from SleepingBar\YiLiao\AndroidManifest.xml:136:13-52
	android:configChanges
		ADDED from SleepingBar\YiLiao\AndroidManifest.xml:134:13-63
	android:name
		ADDED from SleepingBar\YiLiao\AndroidManifest.xml:133:13-70
activity#com.bolaa.medical.ui.DateSelectingActivity
ADDED from SleepingBar\YiLiao\AndroidManifest.xml:139:9-144:20
	android:screenOrientation
		ADDED from SleepingBar\YiLiao\AndroidManifest.xml:142:13-49
	android:windowSoftInputMode
		ADDED from SleepingBar\YiLiao\AndroidManifest.xml:143:13-52
	android:configChanges
		ADDED from SleepingBar\YiLiao\AndroidManifest.xml:141:13-63
	android:name
		ADDED from SleepingBar\YiLiao\AndroidManifest.xml:140:13-70
activity#com.bolaa.medical.ui.RegionSelectingActivity
ADDED from SleepingBar\YiLiao\AndroidManifest.xml:145:9-150:20
	android:screenOrientation
		ADDED from SleepingBar\YiLiao\AndroidManifest.xml:148:13-49
	android:windowSoftInputMode
		ADDED from SleepingBar\YiLiao\AndroidManifest.xml:149:13-52
	android:configChanges
		ADDED from SleepingBar\YiLiao\AndroidManifest.xml:147:13-63
	android:name
		ADDED from SleepingBar\YiLiao\AndroidManifest.xml:146:13-72
activity#com.bolaa.medical.ui.SettingDetailActivity
ADDED from SleepingBar\YiLiao\AndroidManifest.xml:151:9-156:20
	android:screenOrientation
		ADDED from SleepingBar\YiLiao\AndroidManifest.xml:154:13-49
	android:windowSoftInputMode
		ADDED from SleepingBar\YiLiao\AndroidManifest.xml:155:13-52
	android:configChanges
		ADDED from SleepingBar\YiLiao\AndroidManifest.xml:153:13-63
	android:name
		ADDED from SleepingBar\YiLiao\AndroidManifest.xml:152:13-70
activity#com.bolaa.medical.ui.CashWithdrawActivity
ADDED from SleepingBar\YiLiao\AndroidManifest.xml:157:9-162:20
	android:screenOrientation
		ADDED from SleepingBar\YiLiao\AndroidManifest.xml:160:13-49
	android:windowSoftInputMode
		ADDED from SleepingBar\YiLiao\AndroidManifest.xml:161:13-52
	android:configChanges
		ADDED from SleepingBar\YiLiao\AndroidManifest.xml:159:13-63
	android:name
		ADDED from SleepingBar\YiLiao\AndroidManifest.xml:158:13-69
activity#com.bolaa.medical.ui.CashHistoryActivity
ADDED from SleepingBar\YiLiao\AndroidManifest.xml:163:9-168:20
	android:screenOrientation
		ADDED from SleepingBar\YiLiao\AndroidManifest.xml:166:13-49
	android:windowSoftInputMode
		ADDED from SleepingBar\YiLiao\AndroidManifest.xml:167:13-52
	android:configChanges
		ADDED from SleepingBar\YiLiao\AndroidManifest.xml:165:13-63
	android:name
		ADDED from SleepingBar\YiLiao\AndroidManifest.xml:164:13-68
activity#com.bolaa.medical.ui.SettingsActivity
ADDED from SleepingBar\YiLiao\AndroidManifest.xml:169:9-174:20
	android:screenOrientation
		ADDED from SleepingBar\YiLiao\AndroidManifest.xml:172:13-49
	android:windowSoftInputMode
		ADDED from SleepingBar\YiLiao\AndroidManifest.xml:173:13-52
	android:configChanges
		ADDED from SleepingBar\YiLiao\AndroidManifest.xml:171:13-63
	android:name
		ADDED from SleepingBar\YiLiao\AndroidManifest.xml:170:13-65
activity#com.bolaa.medical.ui.MyAccountActivity
ADDED from SleepingBar\YiLiao\AndroidManifest.xml:175:9-180:20
	android:screenOrientation
		ADDED from SleepingBar\YiLiao\AndroidManifest.xml:178:13-49
	android:windowSoftInputMode
		ADDED from SleepingBar\YiLiao\AndroidManifest.xml:179:13-52
	android:configChanges
		ADDED from SleepingBar\YiLiao\AndroidManifest.xml:177:13-63
	android:name
		ADDED from SleepingBar\YiLiao\AndroidManifest.xml:176:13-66
activity#com.bolaa.medical.ui.FinishInfoActivity
ADDED from SleepingBar\YiLiao\AndroidManifest.xml:181:9-186:20
	android:screenOrientation
		ADDED from SleepingBar\YiLiao\AndroidManifest.xml:184:13-49
	android:windowSoftInputMode
		ADDED from SleepingBar\YiLiao\AndroidManifest.xml:185:13-52
	android:configChanges
		ADDED from SleepingBar\YiLiao\AndroidManifest.xml:183:13-63
	android:name
		ADDED from SleepingBar\YiLiao\AndroidManifest.xml:182:13-67
activity#com.bolaa.medical.ui.MyInfoActivity
ADDED from SleepingBar\YiLiao\AndroidManifest.xml:187:9-192:20
	android:screenOrientation
		ADDED from SleepingBar\YiLiao\AndroidManifest.xml:190:13-49
	android:windowSoftInputMode
		ADDED from SleepingBar\YiLiao\AndroidManifest.xml:191:13-54
	android:configChanges
		ADDED from SleepingBar\YiLiao\AndroidManifest.xml:189:13-63
	android:name
		ADDED from SleepingBar\YiLiao\AndroidManifest.xml:188:13-63
activity#com.bolaa.medical.ui.CouponListActivity
ADDED from SleepingBar\YiLiao\AndroidManifest.xml:193:9-198:20
	android:screenOrientation
		ADDED from SleepingBar\YiLiao\AndroidManifest.xml:196:13-49
	android:windowSoftInputMode
		ADDED from SleepingBar\YiLiao\AndroidManifest.xml:197:13-52
	android:configChanges
		ADDED from SleepingBar\YiLiao\AndroidManifest.xml:195:13-63
	android:name
		ADDED from SleepingBar\YiLiao\AndroidManifest.xml:194:13-67
activity#com.bolaa.medical.ui.CouponSelectActivity
ADDED from SleepingBar\YiLiao\AndroidManifest.xml:200:9-205:20
	android:screenOrientation
		ADDED from SleepingBar\YiLiao\AndroidManifest.xml:203:13-49
	android:windowSoftInputMode
		ADDED from SleepingBar\YiLiao\AndroidManifest.xml:204:13-52
	android:configChanges
		ADDED from SleepingBar\YiLiao\AndroidManifest.xml:202:13-63
	android:name
		ADDED from SleepingBar\YiLiao\AndroidManifest.xml:201:13-69
activity#com.bolaa.medical.ui.MedicalReportActivity
ADDED from SleepingBar\YiLiao\AndroidManifest.xml:207:9-212:20
	android:screenOrientation
		ADDED from SleepingBar\YiLiao\AndroidManifest.xml:210:13-49
	android:windowSoftInputMode
		ADDED from SleepingBar\YiLiao\AndroidManifest.xml:211:13-52
	android:configChanges
		ADDED from SleepingBar\YiLiao\AndroidManifest.xml:209:13-63
	android:name
		ADDED from SleepingBar\YiLiao\AndroidManifest.xml:208:13-70
activity#com.bolaa.medical.ui.AlreadyReservationActivity
ADDED from SleepingBar\YiLiao\AndroidManifest.xml:213:9-218:20
	android:screenOrientation
		ADDED from SleepingBar\YiLiao\AndroidManifest.xml:216:13-49
	android:windowSoftInputMode
		ADDED from SleepingBar\YiLiao\AndroidManifest.xml:217:13-52
	android:configChanges
		ADDED from SleepingBar\YiLiao\AndroidManifest.xml:215:13-63
	android:name
		ADDED from SleepingBar\YiLiao\AndroidManifest.xml:214:13-75
activity#com.bolaa.medical.ui.SelectBankActivity
ADDED from SleepingBar\YiLiao\AndroidManifest.xml:219:9-224:20
	android:screenOrientation
		ADDED from SleepingBar\YiLiao\AndroidManifest.xml:222:13-49
	android:windowSoftInputMode
		ADDED from SleepingBar\YiLiao\AndroidManifest.xml:223:13-52
	android:configChanges
		ADDED from SleepingBar\YiLiao\AndroidManifest.xml:221:13-63
	android:name
		ADDED from SleepingBar\YiLiao\AndroidManifest.xml:220:13-67
activity#com.bolaa.medical.ui.MyPDFActivity
ADDED from SleepingBar\YiLiao\AndroidManifest.xml:225:9-230:20
	android:screenOrientation
		ADDED from SleepingBar\YiLiao\AndroidManifest.xml:228:13-49
	android:windowSoftInputMode
		ADDED from SleepingBar\YiLiao\AndroidManifest.xml:229:13-52
	android:configChanges
		ADDED from SleepingBar\YiLiao\AndroidManifest.xml:227:13-63
	android:name
		ADDED from SleepingBar\YiLiao\AndroidManifest.xml:226:13-62
activity#com.bolaa.medical.ui.PayTestActivity
ADDED from SleepingBar\YiLiao\AndroidManifest.xml:231:9-236:20
	android:screenOrientation
		ADDED from SleepingBar\YiLiao\AndroidManifest.xml:234:13-49
	android:windowSoftInputMode
		ADDED from SleepingBar\YiLiao\AndroidManifest.xml:235:13-52
	android:configChanges
		ADDED from SleepingBar\YiLiao\AndroidManifest.xml:233:13-63
	android:name
		ADDED from SleepingBar\YiLiao\AndroidManifest.xml:232:13-64
activity#com.bolaa.medical.ui.ReportDetailActivity
ADDED from SleepingBar\YiLiao\AndroidManifest.xml:237:9-242:20
	android:screenOrientation
		ADDED from SleepingBar\YiLiao\AndroidManifest.xml:240:13-49
	android:windowSoftInputMode
		ADDED from SleepingBar\YiLiao\AndroidManifest.xml:241:13-52
	android:configChanges
		ADDED from SleepingBar\YiLiao\AndroidManifest.xml:239:13-63
	android:name
		ADDED from SleepingBar\YiLiao\AndroidManifest.xml:238:13-69
activity#com.bolaa.medical.ui.PayFromOrderActivity
ADDED from SleepingBar\YiLiao\AndroidManifest.xml:244:9-249:20
	android:screenOrientation
		ADDED from SleepingBar\YiLiao\AndroidManifest.xml:247:13-49
	android:windowSoftInputMode
		ADDED from SleepingBar\YiLiao\AndroidManifest.xml:248:13-52
	android:configChanges
		ADDED from SleepingBar\YiLiao\AndroidManifest.xml:246:13-63
	android:name
		ADDED from SleepingBar\YiLiao\AndroidManifest.xml:245:13-69
activity#com.bolaa.medical.ui.HospitalEvaluateActivity
ADDED from SleepingBar\YiLiao\AndroidManifest.xml:251:9-256:20
	android:screenOrientation
		ADDED from SleepingBar\YiLiao\AndroidManifest.xml:254:13-49
	android:windowSoftInputMode
		ADDED from SleepingBar\YiLiao\AndroidManifest.xml:255:13-52
	android:configChanges
		ADDED from SleepingBar\YiLiao\AndroidManifest.xml:253:13-63
	android:name
		ADDED from SleepingBar\YiLiao\AndroidManifest.xml:252:13-73
activity#com.bolaa.medical.ui.ComboSelectActivity
ADDED from SleepingBar\YiLiao\AndroidManifest.xml:257:9-262:20
	android:screenOrientation
		ADDED from SleepingBar\YiLiao\AndroidManifest.xml:260:13-49
	android:windowSoftInputMode
		ADDED from SleepingBar\YiLiao\AndroidManifest.xml:261:13-52
	android:configChanges
		ADDED from SleepingBar\YiLiao\AndroidManifest.xml:259:13-63
	android:name
		ADDED from SleepingBar\YiLiao\AndroidManifest.xml:258:13-68
activity#com.bolaa.medical.wxapi.WXEntryActivity
ADDED from SleepingBar\YiLiao\AndroidManifest.xml:266:9-272:20
	android:screenOrientation
		ADDED from SleepingBar\YiLiao\AndroidManifest.xml:270:13-49
	android:exported
		ADDED from SleepingBar\YiLiao\AndroidManifest.xml:269:13-36
	android:configChanges
		ADDED from SleepingBar\YiLiao\AndroidManifest.xml:268:13-74
	android:theme
		ADDED from SleepingBar\YiLiao\AndroidManifest.xml:271:13-72
	android:name
		ADDED from SleepingBar\YiLiao\AndroidManifest.xml:267:13-67
activity#com.bolaa.medical.wxapi.WXPayEntryActivity
ADDED from SleepingBar\YiLiao\AndroidManifest.xml:273:9-279:20
	android:screenOrientation
		ADDED from SleepingBar\YiLiao\AndroidManifest.xml:277:13-49
	android:exported
		ADDED from SleepingBar\YiLiao\AndroidManifest.xml:276:13-36
	android:configChanges
		ADDED from SleepingBar\YiLiao\AndroidManifest.xml:275:13-74
	android:theme
		ADDED from SleepingBar\YiLiao\AndroidManifest.xml:278:13-72
	android:name
		ADDED from SleepingBar\YiLiao\AndroidManifest.xml:274:13-70
receiver#com.bolaa.medical.receiver.AppRegister
ADDED from SleepingBar\YiLiao\AndroidManifest.xml:280:7-285:20
	android:name
		ADDED from SleepingBar\YiLiao\AndroidManifest.xml:281:13-66
intent-filter#com.tencent.mm.plugin.openapi.Intent.ACTION_REFRESH_WXAPP
ADDED from SleepingBar\YiLiao\AndroidManifest.xml:282:13-284:29
action#com.tencent.mm.plugin.openapi.Intent.ACTION_REFRESH_WXAPP
ADDED from SleepingBar\YiLiao\AndroidManifest.xml:283:17-100
	android:name
		ADDED from SleepingBar\YiLiao\AndroidManifest.xml:283:25-97
activity#com.unionpay.uppay.PayActivity
ADDED from SleepingBar\YiLiao\AndroidManifest.xml:287:9-290:52
	android:screenOrientation
		ADDED from SleepingBar\YiLiao\AndroidManifest.xml:290:13-49
	android:configChanges
		ADDED from SleepingBar\YiLiao\AndroidManifest.xml:289:13-72
	android:name
		ADDED from SleepingBar\YiLiao\AndroidManifest.xml:288:13-58
activity#com.unionpay.UPPayWapActivity
ADDED from SleepingBar\YiLiao\AndroidManifest.xml:291:9-295:58
	android:screenOrientation
		ADDED from SleepingBar\YiLiao\AndroidManifest.xml:294:13-49
	android:windowSoftInputMode
		ADDED from SleepingBar\YiLiao\AndroidManifest.xml:295:13-55
	android:configChanges
		ADDED from SleepingBar\YiLiao\AndroidManifest.xml:293:13-73
	android:name
		ADDED from SleepingBar\YiLiao\AndroidManifest.xml:292:13-57
activity#com.tencent.tauth.AuthActivity
ADDED from SleepingBar\YiLiao\AndroidManifest.xml:298:9-310:20
	android:launchMode
		ADDED from SleepingBar\YiLiao\AndroidManifest.xml:300:13-44
	android:noHistory
		ADDED from SleepingBar\YiLiao\AndroidManifest.xml:301:13-37
	android:name
		ADDED from SleepingBar\YiLiao\AndroidManifest.xml:299:13-58
intent-filter#android.intent.action.VIEW+android.intent.category.BROWSABLE+android.intent.category.DEFAULT
ADDED from SleepingBar\YiLiao\AndroidManifest.xml:302:13-309:29
category#android.intent.category.BROWSABLE
ADDED from SleepingBar\YiLiao\AndroidManifest.xml:306:17-78
	android:name
		ADDED from SleepingBar\YiLiao\AndroidManifest.xml:306:27-75
activity#com.tencent.connect.common.AssistActivity
ADDED from SleepingBar\YiLiao\AndroidManifest.xml:311:9-314:75
	android:configChanges
		ADDED from SleepingBar\YiLiao\AndroidManifest.xml:313:13-74
	android:theme
		ADDED from SleepingBar\YiLiao\AndroidManifest.xml:314:13-72
	android:name
		ADDED from SleepingBar\YiLiao\AndroidManifest.xml:312:13-69
activity#com.alipay.sdk.app.H5PayActivity
ADDED from SleepingBar\YiLiao\AndroidManifest.xml:317:9-322:20
	android:screenOrientation
		ADDED from SleepingBar\YiLiao\AndroidManifest.xml:321:13-47
	android:exported
		ADDED from SleepingBar\YiLiao\AndroidManifest.xml:320:13-37
	android:configChanges
		ADDED from SleepingBar\YiLiao\AndroidManifest.xml:319:13-74
	android:name
		ADDED from SleepingBar\YiLiao\AndroidManifest.xml:318:13-60
activity#com.alipay.sdk.auth.AuthActivity
ADDED from SleepingBar\YiLiao\AndroidManifest.xml:323:9-328:20
	android:screenOrientation
		ADDED from SleepingBar\YiLiao\AndroidManifest.xml:327:13-47
	android:exported
		ADDED from SleepingBar\YiLiao\AndroidManifest.xml:326:13-37
	android:configChanges
		ADDED from SleepingBar\YiLiao\AndroidManifest.xml:325:13-74
	android:name
		ADDED from SleepingBar\YiLiao\AndroidManifest.xml:324:13-60